<?xml version="1.0" encoding="UTF-8"?>
<!-- Generated by org.testng.reporters.JUnitXMLReporter -->
<testsuite ignored="0" hostname="vicky" failures="0" tests="5" name="Test" time="195.374" errors="0" timestamp="2023-01-01T21:39:52 IST">
  <testcase classname="com.orangeHRM.testcases.TestCases" name="LoginTest" time="3.263"/>
  <testcase classname="com.orangeHRM.testcases.TestCases" name="LoginTest" time="5.515"/>
  <testcase classname="com.orangeHRM.testcases.TestCases" name="addEmployee_test" time="21.29"/>
  <testcase classname="com.orangeHRM.testcases.TestCases" name="editEmployee_test" time="22.625"/>
  <testcase classname="com.orangeHRM.testcases.TestCases" name="deleteEmployee_test" time="31.845"/>
</testsuite> <!-- Test -->
