<?xml version="1.0" encoding="UTF-8"?>
<testng-results ignored="0" total="5" passed="5" failed="0" skipped="0">
  <reporter-output>
  </reporter-output>
  <suite started-at="2023-01-01T21:36:36 IST" name="Suite" finished-at="2023-01-01T21:39:52 IST" duration-ms="195374">
    <groups>
    </groups>
    <test started-at="2023-01-01T21:36:36 IST" name="Test" finished-at="2023-01-01T21:39:52 IST" duration-ms="195374">
      <class name="com.orangeHRM.testcases.TestCases">
        <test-method is-config="true" signature="setupReport()[pri:0, instance:com.orangeHRM.testcases.TestCases@6221a451]" started-at="2023-01-01T21:36:36 IST" name="setupReport" finished-at="2023-01-01T21:36:36 IST" duration-ms="284" status="PASS">
          <reporter-output>
          </reporter-output>
        </test-method> <!-- setupReport -->
        <test-method is-config="true" signature="BeforeTest()[pri:0, instance:com.orangeHRM.testcases.TestCases@6221a451]" started-at="2023-01-01T21:36:36 IST" name="BeforeTest" finished-at="2023-01-01T21:37:19 IST" duration-ms="42570" status="PASS">
          <reporter-output>
          </reporter-output>
        </test-method> <!-- BeforeTest -->
        <test-method signature="LoginTest(java.lang.String,java.lang.String)[pri:0, instance:com.orangeHRM.testcases.TestCases@6221a451]" started-at="2023-01-01T21:37:19 IST" name="LoginTest" data-provider="TestData" finished-at="2023-01-01T21:37:22 IST" duration-ms="3263" status="PASS">
          <params>
            <param index="0">
              <value>
                <![CDATA[Admin]]>
              </value>
            </param>
            <param index="1">
              <value>
                <![CDATA[admin123]]>
              </value>
            </param>
          </params>
          <reporter-output>
          </reporter-output>
        </test-method> <!-- LoginTest -->
        <test-method is-config="true" signature="AfterTest()[pri:0, instance:com.orangeHRM.testcases.TestCases@6221a451]" started-at="2023-01-01T21:37:22 IST" name="AfterTest" finished-at="2023-01-01T21:37:22 IST" duration-ms="230" status="PASS">
          <reporter-output>
          </reporter-output>
        </test-method> <!-- AfterTest -->
        <test-method is-config="true" signature="BeforeTest()[pri:0, instance:com.orangeHRM.testcases.TestCases@6221a451]" started-at="2023-01-01T21:37:22 IST" name="BeforeTest" finished-at="2023-01-01T21:37:40 IST" duration-ms="18174" status="PASS">
          <reporter-output>
          </reporter-output>
        </test-method> <!-- BeforeTest -->
        <test-method signature="LoginTest(java.lang.String,java.lang.String)[pri:0, instance:com.orangeHRM.testcases.TestCases@6221a451]" started-at="2023-01-01T21:37:40 IST" name="LoginTest" data-provider="TestData" finished-at="2023-01-01T21:37:46 IST" duration-ms="5515" status="PASS">
          <params>
            <param index="0">
              <value>
                <![CDATA[Admin]]>
              </value>
            </param>
            <param index="1">
              <value>
                <![CDATA[admin125]]>
              </value>
            </param>
          </params>
          <reporter-output>
          </reporter-output>
        </test-method> <!-- LoginTest -->
        <test-method is-config="true" signature="AfterTest()[pri:0, instance:com.orangeHRM.testcases.TestCases@6221a451]" started-at="2023-01-01T21:37:46 IST" name="AfterTest" finished-at="2023-01-01T21:37:46 IST" duration-ms="212" status="PASS">
          <reporter-output>
          </reporter-output>
        </test-method> <!-- AfterTest -->
        <test-method is-config="true" signature="BeforeTest()[pri:0, instance:com.orangeHRM.testcases.TestCases@6221a451]" started-at="2023-01-01T21:37:46 IST" name="BeforeTest" finished-at="2023-01-01T21:38:05 IST" duration-ms="18702" status="PASS">
          <reporter-output>
          </reporter-output>
        </test-method> <!-- BeforeTest -->
        <test-method signature="addEmployee_test()[pri:1, instance:com.orangeHRM.testcases.TestCases@6221a451]" started-at="2023-01-01T21:38:05 IST" name="addEmployee_test" finished-at="2023-01-01T21:38:26 IST" duration-ms="21290" status="PASS">
          <reporter-output>
          </reporter-output>
        </test-method> <!-- addEmployee_test -->
        <test-method is-config="true" signature="AfterTest()[pri:0, instance:com.orangeHRM.testcases.TestCases@6221a451]" started-at="2023-01-01T21:38:26 IST" name="AfterTest" finished-at="2023-01-01T21:38:26 IST" duration-ms="210" status="PASS">
          <reporter-output>
          </reporter-output>
        </test-method> <!-- AfterTest -->
        <test-method is-config="true" signature="BeforeTest()[pri:0, instance:com.orangeHRM.testcases.TestCases@6221a451]" started-at="2023-01-01T21:38:26 IST" name="BeforeTest" finished-at="2023-01-01T21:38:42 IST" duration-ms="15294" status="PASS">
          <reporter-output>
          </reporter-output>
        </test-method> <!-- BeforeTest -->
        <test-method signature="editEmployee_test()[pri:2, instance:com.orangeHRM.testcases.TestCases@6221a451]" started-at="2023-01-01T21:38:42 IST" name="editEmployee_test" finished-at="2023-01-01T21:39:04 IST" duration-ms="22625" status="PASS">
          <reporter-output>
          </reporter-output>
        </test-method> <!-- editEmployee_test -->
        <test-method is-config="true" signature="AfterTest()[pri:0, instance:com.orangeHRM.testcases.TestCases@6221a451]" started-at="2023-01-01T21:39:04 IST" name="AfterTest" finished-at="2023-01-01T21:39:05 IST" duration-ms="266" status="PASS">
          <reporter-output>
          </reporter-output>
        </test-method> <!-- AfterTest -->
        <test-method is-config="true" signature="BeforeTest()[pri:0, instance:com.orangeHRM.testcases.TestCases@6221a451]" started-at="2023-01-01T21:39:05 IST" name="BeforeTest" finished-at="2023-01-01T21:39:19 IST" duration-ms="14901" status="PASS">
          <reporter-output>
          </reporter-output>
        </test-method> <!-- BeforeTest -->
        <test-method signature="deleteEmployee_test()[pri:3, instance:com.orangeHRM.testcases.TestCases@6221a451]" started-at="2023-01-01T21:39:19 IST" name="deleteEmployee_test" finished-at="2023-01-01T21:39:51 IST" duration-ms="31845" status="PASS">
          <reporter-output>
          </reporter-output>
        </test-method> <!-- deleteEmployee_test -->
        <test-method is-config="true" signature="AfterTest()[pri:0, instance:com.orangeHRM.testcases.TestCases@6221a451]" started-at="2023-01-01T21:39:51 IST" name="AfterTest" finished-at="2023-01-01T21:39:52 IST" duration-ms="247" status="PASS">
          <reporter-output>
          </reporter-output>
        </test-method> <!-- AfterTest -->
        <test-method is-config="true" signature="closeReport()[pri:0, instance:com.orangeHRM.testcases.TestCases@6221a451]" started-at="2023-01-01T21:39:52 IST" name="closeReport" finished-at="2023-01-01T21:39:52 IST" duration-ms="534" status="PASS">
          <reporter-output>
          </reporter-output>
        </test-method> <!-- closeReport -->
      </class> <!-- com.orangeHRM.testcases.TestCases -->
    </test> <!-- Test -->
  </suite> <!-- Suite -->
</testng-results>
